2025-08-31 23:44:03,875 - INFO - 🚀 Bot Runner ishga tushdi
2025-08-31 23:44:03,876 - INFO - Bot ishga tushirilmoqda... (Urinish #1)
2025-08-31 23:51:08,224 - INFO - Signal 2 qabul qilindi. Bot to'xtatilmoqda...
2025-08-31 23:51:13,349 - WARNING - Bot xatolik bilan tugadi. Return code: 1
2025-08-31 23:51:13,349 - INFO - 🛑 Bot Runner tugadi
2025-08-31 23:51:23,371 - INFO - 🚀 Bot Runner ishga tushdi
2025-08-31 23:51:23,371 - INFO - Bot ishga tushirilmoqda... (Urinish #1)
2025-09-01 00:04:46,791 - INFO - Signal 2 qabul qilindi. Bot to'xtatilmoqda...
2025-09-01 00:04:51,894 - WARNING - Bot xatolik bilan tugadi. Return code: 1
2025-09-01 00:04:51,894 - INFO - 🛑 Bot Runner tugadi
2025-09-01 00:05:07,059 - INFO - 🚀 Bot Runner ishga tushdi
2025-09-01 00:05:07,069 - INFO - Bot ishga tushirilmoqda... (Urinish #1)
2025-09-01 00:23:54,387 - INFO - Signal 2 qabul qilindi. Bot to'xtatilmoqda...
2025-09-01 00:23:57,389 - INFO - Signal 2 qabul qilindi. Bot to'xtatilmoqda...
2025-09-01 00:24:02,491 - WARNING - Bot xatolik bilan tugadi. Return code: 1
2025-09-01 00:24:02,492 - INFO - 🛑 Bot Runner tugadi
2025-09-01 00:24:09,164 - INFO - 🚀 Bot Runner ishga tushdi
2025-09-01 00:24:09,164 - INFO - Bot ishga tushirilmoqda... (Urinish #1)
2025-09-01 00:32:28,393 - INFO - Signal 2 qabul qilindi. Bot to'xtatilmoqda...
2025-09-01 00:32:33,497 - WARNING - Bot xatolik bilan tugadi. Return code: 1
2025-09-01 00:32:33,497 - INFO - 🛑 Bot Runner tugadi
2025-09-01 00:32:39,247 - INFO - 🚀 Bot Runner ishga tushdi
2025-09-01 00:32:39,247 - INFO - Bot ishga tushirilmoqda... (Urinish #1)
2025-09-01 00:34:53,780 - INFO - Signal 2 qabul qilindi. Bot to'xtatilmoqda...
2025-09-01 00:34:57,820 - INFO - Signal 2 qabul qilindi. Bot to'xtatilmoqda...
2025-09-01 00:35:02,943 - WARNING - Bot xatolik bilan tugadi. Return code: 1
2025-09-01 00:35:02,943 - INFO - 🛑 Bot Runner tugadi
2025-09-01 00:35:10,262 - INFO - 🚀 Bot Runner ishga tushdi
2025-09-01 00:35:10,262 - INFO - Bot ishga tushirilmoqda... (Urinish #1)
2025-09-01 00:46:07,322 - INFO - Signal 2 qabul qilindi. Bot to'xtatilmoqda...
2025-09-01 00:46:09,262 - INFO - Signal 2 qabul qilindi. Bot to'xtatilmoqda...
2025-09-01 00:46:10,516 - INFO - Signal 2 qabul qilindi. Bot to'xtatilmoqda...
2025-09-01 00:46:10,658 - INFO - Signal 2 qabul qilindi. Bot to'xtatilmoqda...
2025-09-01 00:46:15,776 - WARNING - Bot xatolik bilan tugadi. Return code: 1
2025-09-01 00:46:15,776 - INFO - 🛑 Bot Runner tugadi
2025-09-01 00:46:28,654 - INFO - 🚀 Bot Runner ishga tushdi
2025-09-01 00:46:28,654 - INFO - Bot ishga tushirilmoqda... (Urinish #1)
2025-09-01 01:00:19,114 - INFO - Signal 2 qabul qilindi. Bot to'xtatilmoqda...
2025-09-01 01:00:24,219 - WARNING - Bot xatolik bilan tugadi. Return code: 1
2025-09-01 01:00:24,219 - INFO - 🛑 Bot Runner tugadi
2025-09-01 01:00:34,660 - INFO - 🚀 Bot Runner ishga tushdi
2025-09-01 01:00:34,660 - INFO - Bot ishga tushirilmoqda... (Urinish #1)
2025-09-01 01:07:29,957 - INFO - Signal 2 qabul qilindi. Bot to'xtatilmoqda...
2025-09-01 01:07:35,062 - WARNING - Bot xatolik bilan tugadi. Return code: 1
2025-09-01 01:07:35,062 - INFO - 🛑 Bot Runner tugadi
2025-09-01 12:26:26,352 - INFO - 🚀 Bot Runner ishga tushdi
2025-09-01 12:26:26,353 - INFO - Bot ishga tushirilmoqda... (Urinish #1)
2025-09-01 12:34:14,263 - INFO - Signal 2 qabul qilindi. Bot to'xtatilmoqda...
2025-09-01 12:34:19,386 - WARNING - Bot xatolik bilan tugadi. Return code: 1
2025-09-01 12:34:19,386 - INFO - 🛑 Bot Runner tugadi
2025-09-01 13:29:45,631 - INFO - 🚀 Bot Runner ishga tushdi
2025-09-01 13:29:45,632 - INFO - Bot ishga tushirilmoqda... (Urinish #1)
2025-09-01 13:59:45,632 - INFO - Bot barqaror ishlayapti. Restart counter reset qilindi.
2025-09-01 23:04:25,487 - INFO - 🚀 Bot Runner ishga tushdi
2025-09-01 23:04:25,487 - INFO - Bot ishga tushirilmoqda... (Urinish #1)
2025-09-01 23:34:25,495 - INFO - Bot barqaror ishlayapti. Restart counter reset qilindi.
2025-09-01 23:34:35,715 - INFO - Signal 2 qabul qilindi. Bot to'xtatilmoqda...
2025-09-01 23:34:40,818 - WARNING - Bot xatolik bilan tugadi. Return code: 1
2025-09-01 23:34:40,818 - INFO - 🛑 Bot Runner tugadi
